<?xml version="1.0" encoding="UTF-8"?>
<!-- Generated by org.testng.reporters.JUnitReportReporter -->
<testsuite hostname="WIN-PRASAD" failures="0" tests="3" name="com.etvwin.runner.TestRunner" time="44.135" errors="0" timestamp="2025-06-26T12:00:33 IST" skipped="0">
  <testcase classname="com.etvwin.runner.TestRunner" name="Tc001_VerifyItems_NavBar" time="30.868"/>
  <testcase classname="com.etvwin.runner.TestRunner" name="Tc002_VerifyposterimageonHomeCarasoul" time="4.540"/>
  <testcase classname="com.etvwin.runner.TestRunner" name="Tc002_VerifySectionsHome" time="8.727"/>
</testsuite> <!-- com.etvwin.runner.TestRunner -->
